Jun-11 00:11:30.649 [main] DEBUG nextflow.cli.Launcher - $> nextflow run excelsior.nf
Jun-11 00:11:30.715 [main] INFO  nextflow.cli.CmdRun - N E X T F L O W  ~  version 22.04.3
Jun-11 00:11:30.778 [main] DEBUG nextflow.cli.CmdRun - Applied DSL=2 by global default
Jun-11 00:11:30.793 [main] INFO  nextflow.cli.CmdRun - Launching `excelsior.nf` [extravagant_shirley] DSL2 - revision: 9d45c28c25
Jun-11 00:11:30.812 [main] DEBUG nextflow.plugin.PluginsFacade - Setting up plugin manager > mode=prod; plugins-dir=/home/ubuntu/.nextflow/plugins; core-plugins: nf-amazon@1.7.2,nf-azure@0.13.2,nf-console@1.0.3,nf-ga4gh@1.0.3,nf-google@1.1.4,nf-sqldb@0.4.0,nf-tower@1.4.0
Jun-11 00:11:30.814 [main] DEBUG nextflow.plugin.PluginsFacade - Plugins default=[]
Jun-11 00:11:30.821 [main] INFO  org.pf4j.DefaultPluginStatusProvider - Enabled plugins: []
Jun-11 00:11:30.822 [main] INFO  org.pf4j.DefaultPluginStatusProvider - Disabled plugins: []
Jun-11 00:11:30.825 [main] INFO  org.pf4j.DefaultPluginManager - PF4J version 3.4.1 in 'deployment' mode
Jun-11 00:11:30.832 [main] INFO  org.pf4j.AbstractPluginManager - No plugins
Jun-11 00:11:30.872 [main] DEBUG nextflow.Session - Session uuid: eac7d4bb-0720-49a4-9bb8-697d32a663d2
Jun-11 00:11:30.872 [main] DEBUG nextflow.Session - Run name: extravagant_shirley
Jun-11 00:11:30.874 [main] DEBUG nextflow.Session - Executor pool size: 8
Jun-11 00:11:30.897 [main] DEBUG nextflow.cli.CmdRun - 
  Version: 22.04.3 build 5703
  Created: 18-05-2022 19:22 UTC 
  System: Linux 5.15.0-1011-aws
  Runtime: Groovy 3.0.10 on OpenJDK 64-Bit Server VM 18-ea+36-Ubuntu-1
  Encoding: UTF-8 (UTF-8)
  Process: 39355@ip-172-31-18-117 [172.31.18.117]
  CPUs: 8 - Mem: 15.1 GB (242.6 MB) - Swap: 0 (0)
Jun-11 00:11:30.915 [main] DEBUG nextflow.Session - Work-dir: /home/ubuntu/project/work [ext2/ext3]
Jun-11 00:11:30.916 [main] DEBUG nextflow.Session - Script base path does not exist or is not a directory: /home/ubuntu/project/bin
Jun-11 00:11:30.922 [main] DEBUG nextflow.executor.ExecutorFactory - Extension executors providers=[]
Jun-11 00:11:30.930 [main] DEBUG nextflow.Session - Observer factory: DefaultObserverFactory
Jun-11 00:11:30.946 [main] DEBUG nextflow.cache.CacheFactory - Using Nextflow cache factory: nextflow.cache.DefaultCacheFactory
Jun-11 00:11:30.954 [main] DEBUG nextflow.util.CustomThreadPool - Creating default thread pool > poolSize: 9; maxThreads: 1000
Jun-11 00:11:31.007 [main] DEBUG nextflow.Session - Session start invoked
Jun-11 00:11:31.443 [main] DEBUG nextflow.script.ScriptRunner - > Launching execution
Jun-11 00:11:31.456 [main] INFO  nextflow.script.BaseScript - ROHAN RIDES TO GONDOR'S AID!
Jun-11 00:11:31.525 [main] DEBUG nextflow.Session - Workflow process names [dsl2]: hemePrep
Jun-11 00:11:31.526 [main] DEBUG nextflow.Session - Ignite dataflow network (1)
Jun-11 00:11:31.536 [main] DEBUG nextflow.script.ScriptRunner - > Await termination 
Jun-11 00:11:31.536 [main] DEBUG nextflow.Session - Session await
Jun-11 00:11:31.536 [main] DEBUG nextflow.Session - Session await > all process finished
Jun-11 00:11:31.536 [main] DEBUG nextflow.Session - Session await > all barriers passed
Jun-11 00:11:31.537 [PathVisitor-1] DEBUG nextflow.file.PathVisitor - files for syntax: glob; folder: ~/project/pdb_src/; pattern: *.pdb; options: [:]
Jun-11 00:11:31.540 [PathVisitor-1] DEBUG nextflow.file.PathVisitor - No such file: ~/project/pdb_src/ -- Skipping visit
Jun-11 00:11:31.543 [main] INFO  nextflow.Nextflow - Done!
Jun-11 00:11:31.546 [main] DEBUG nextflow.trace.WorkflowStatsObserver - Workflow completed > WorkflowStats[succeededCount=0; failedCount=0; ignoredCount=0; cachedCount=0; pendingCount=0; submittedCount=0; runningCount=0; retriesCount=0; abortedCount=0; succeedDuration=0ms; failedDuration=0ms; cachedDuration=0ms;loadCpus=0; loadMemory=0; peakRunning=0; peakCpus=0; peakMemory=0; ]
Jun-11 00:11:31.620 [main] DEBUG nextflow.cache.CacheDB - Closing CacheDB done
Jun-11 00:11:31.635 [main] DEBUG nextflow.script.ScriptRunner - > Execution complete -- Goodbye
